<?xml version="1.0" encoding="UTF-8"?>
<testsuite xmlns:xsi="http://www.w3.org/2001/XMLSchema-instance" xsi:noNamespaceSchemaLocation="https://maven.apache.org/surefire/maven-surefire-plugin/xsd/surefire-test-report.xsd" name="vn.vlong.booklibrary.api.user.command.domain.valueobject.PasswordTest" time="2.018" tests="2" errors="0" skipped="0" failures="0">
  <properties>
[...]
</properties>
  <testcase name="test_WhenPasswordIsNull_ShouldThrowException" classname="vn.vlong.booklibrary.api.user.command.domain.valueobject.PasswordTest" time="0.625"/>
  <testcase name="test_WhenPasswordIsEmpty_ShouldThrowException" classname="vn.vlong.booklibrary.api.user.command.domain.valueobject.PasswordTest" time="0.601"/>
</testsuite>